[debug] [2025-10-12T18:57:11.859Z] ----------------------------------------------------------------------
[debug] [2025-10-12T18:57:11.861Z] Command:       /usr/local/bin/firebase /Users/jacobdayton/.cache/firebase/tools/lib/node_modules/firebase-tools/lib/bin/firebase deploy --only hosting
[debug] [2025-10-12T18:57:11.861Z] CLI Version:   11.15.0
[debug] [2025-10-12T18:57:11.861Z] Platform:      darwin
[debug] [2025-10-12T18:57:11.861Z] Node Version:  v16.16.0
[debug] [2025-10-12T18:57:11.862Z] Time:          Sun Oct 12 2025 12:57:11 GMT-0600 (Mountain Daylight Time)
[debug] [2025-10-12T18:57:11.863Z] ----------------------------------------------------------------------
[debug] 
[debug] [2025-10-12T18:57:11.959Z] Object ".firestore" in "firebase.json" has unknown property: {"additionalProperty":"database"}
[warn] ⚠  JSON error trying to load /Users/jacobdayton/projects/conscious-bookclub/.firebaserc 
[debug] [2025-10-12T18:57:11.973Z] >>> [apiv2][query] GET https://firebase.googleapis.com/v1beta1/projects/undefined [none]
[debug] [2025-10-12T18:57:12.231Z] <<< [apiv2][status] GET https://firebase.googleapis.com/v1beta1/projects/undefined 403
[debug] [2025-10-12T18:57:12.234Z] <<< [apiv2][body] GET https://firebase.googleapis.com/v1beta1/projects/undefined {"error":{"code":403,"message":"The caller does not have permission","status":"PERMISSION_DENIED"}}
[debug] [2025-10-12T18:57:12.236Z] HTTP Error: 403, The caller does not have permission
[debug] [2025-10-12T18:57:12.313Z] FirebaseError: HTTP Error: 403, The caller does not have permission
    at responseToError (/Users/jacobdayton/.cache/firebase/tools/lib/node_modules/firebase-tools/lib/responseToError.js:49:12)
    at RetryOperation._fn (/Users/jacobdayton/.cache/firebase/tools/lib/node_modules/firebase-tools/lib/apiv2.js:288:77)
    at processTicksAndRejections (node:internal/process/task_queues:96:5)
[error] 
[error] Error: Failed to get Firebase project undefined. Please make sure the project exists and your account has permission to access it.
