0 verbose cli /Users/jacobdayton/.nvm/versions/node/v22.14.0/bin/node /Users/jacobdayton/.nvm/versions/node/v22.14.0/bin/npm
1 info using npm@10.9.2
2 info using node@v22.14.0
3 silly config load:file:/Users/jacobdayton/.nvm/versions/node/v22.14.0/lib/node_modules/npm/npmrc
4 silly config load:file:/Users/jacobdayton/projects/conscious-bookclub/functions/.npmrc
5 silly config load:file:/Users/jacobdayton/.npmrc
6 silly config load:file:/Users/jacobdayton/.nvm/versions/node/v22.14.0/etc/npmrc
7 verbose title npm install moment-timezone
8 verbose argv "install" "moment-timezone" "--cache" "./npm-cache"
9 verbose logfile logs-max:10 dir:/Users/jacobdayton/projects/conscious-bookclub/functions/npm-cache/_logs/2026-01-13T19_51_19_279Z-
10 verbose logfile /Users/jacobdayton/projects/conscious-bookclub/functions/npm-cache/_logs/2026-01-13T19_51_19_279Z-debug-0.log
11 silly logfile done cleaning log files
12 silly packumentCache heap:4345298944 maxSize:1086324736 maxEntrySize:543162368
13 silly idealTree buildDeps
14 silly fetch manifest moment-timezone@*
15 silly packumentCache full:https://registry.npmjs.org/moment-timezone cache-miss
16 http fetch GET 200 https://registry.npmjs.org/moment-timezone 183ms (cache miss)
17 silly packumentCache full:https://registry.npmjs.org/moment-timezone set size:undefined disposed:false
18 silly placeDep ROOT moment-timezone@0.6.0 REPLACE for:  want: *
19 silly fetch manifest moment-timezone@^0.5.40
20 silly packumentCache full:https://registry.npmjs.org/moment-timezone cache-miss
21 http cache https://registry.npmjs.org/moment-timezone 3ms (cache hit)
22 silly packumentCache full:https://registry.npmjs.org/moment-timezone set size:159913 disposed:false
23 silly placeDep node_modules/react-big-calendar moment-timezone@0.5.48 OK for: react-big-calendar@1.19.4 want: ^0.5.40
24 silly fetch manifest moment-timezone@^0.5.43
25 silly packumentCache full:https://registry.npmjs.org/moment-timezone cache-hit
26 silly placeDep node_modules/sequelize moment-timezone@0.5.48 OK for: sequelize@6.37.7 want: ^0.5.43
27 silly reify mark retired [
27 silly reify   '/Users/jacobdayton/projects/conscious-bookclub/functions/node_modules/@socket.io/component-emitter'
27 silly reify ]
28 silly reify mark retired [
28 silly reify   '/Users/jacobdayton/projects/conscious-bookclub/functions/node_modules/base64id'
28 silly reify ]
29 silly reify mark retired [
29 silly reify   '/Users/jacobdayton/projects/conscious-bookclub/functions/node_modules/engine.io'
29 silly reify ]
30 silly reify mark retired [
30 silly reify   '/Users/jacobdayton/projects/conscious-bookclub/functions/node_modules/engine.io-parser'
30 silly reify ]
31 silly reify mark retired [
31 silly reify   '/Users/jacobdayton/projects/conscious-bookclub/functions/node_modules/moment-timezone'
31 silly reify ]
32 silly reify mark retired [
32 silly reify   '/Users/jacobdayton/projects/conscious-bookclub/functions/node_modules/socket.io'
32 silly reify ]
33 silly reify mark retired [
33 silly reify   '/Users/jacobdayton/projects/conscious-bookclub/functions/node_modules/socket.io-adapter'
33 silly reify ]
34 silly reify mark retired [
34 silly reify   '/Users/jacobdayton/projects/conscious-bookclub/functions/node_modules/socket.io-parser'
34 silly reify ]
35 silly reify mark retired [
35 silly reify   '/Users/jacobdayton/projects/conscious-bookclub/functions/node_modules/ws'
35 silly reify ]
36 silly reify moves {
36 silly reify   '/Users/jacobdayton/projects/conscious-bookclub/functions/node_modules/@socket.io/component-emitter': '/Users/jacobdayton/projects/conscious-bookclub/functions/node_modules/@socket.io/.component-emitter-I2tVuZh0',
36 silly reify   '/Users/jacobdayton/projects/conscious-bookclub/functions/node_modules/base64id': '/Users/jacobdayton/projects/conscious-bookclub/functions/node_modules/.base64id-M0zVC1Bu',
36 silly reify   '/Users/jacobdayton/projects/conscious-bookclub/functions/node_modules/engine.io': '/Users/jacobdayton/projects/conscious-bookclub/functions/node_modules/.engine.io-mDjGsDfP',
36 silly reify   '/Users/jacobdayton/projects/conscious-bookclub/functions/node_modules/engine.io-parser': '/Users/jacobdayton/projects/conscious-bookclub/functions/node_modules/.engine.io-parser-uHVYyhYG',
36 silly reify   '/Users/jacobdayton/projects/conscious-bookclub/functions/node_modules/moment-timezone': '/Users/jacobdayton/projects/conscious-bookclub/functions/node_modules/.moment-timezone-ZSwoFW12',
36 silly reify   '/Users/jacobdayton/projects/conscious-bookclub/functions/node_modules/socket.io': '/Users/jacobdayton/projects/conscious-bookclub/functions/node_modules/.socket.io-DlhDCGtm',
36 silly reify   '/Users/jacobdayton/projects/conscious-bookclub/functions/node_modules/socket.io-adapter': '/Users/jacobdayton/projects/conscious-bookclub/functions/node_modules/.socket.io-adapter-SN4vY1Rz',
36 silly reify   '/Users/jacobdayton/projects/conscious-bookclub/functions/node_modules/socket.io-parser': '/Users/jacobdayton/projects/conscious-bookclub/functions/node_modules/.socket.io-parser-hnxCEsYW',
36 silly reify   '/Users/jacobdayton/projects/conscious-bookclub/functions/node_modules/ws': '/Users/jacobdayton/projects/conscious-bookclub/functions/node_modules/.ws-m8ucmOh0'
36 silly reify }
37 silly audit bulk request {
37 silly audit   '@babel/code-frame': [ '7.27.1' ],
37 silly audit   '@babel/compat-data': [ '7.28.4' ],
37 silly audit   '@babel/core': [ '7.28.4' ],
37 silly audit   '@babel/generator': [ '7.28.3' ],
37 silly audit   '@babel/helper-compilation-targets': [ '7.27.2' ],
37 silly audit   '@babel/helper-globals': [ '7.28.0' ],
37 silly audit   '@babel/helper-module-imports': [ '7.27.1' ],
37 silly audit   '@babel/helper-module-transforms': [ '7.28.3' ],
37 silly audit   '@babel/helper-plugin-utils': [ '7.27.1' ],
37 silly audit   '@babel/helper-string-parser': [ '7.27.1' ],
37 silly audit   '@babel/helper-validator-identifier': [ '7.27.1' ],
37 silly audit   '@babel/helper-validator-option': [ '7.27.1' ],
37 silly audit   '@babel/helpers': [ '7.28.4' ],
37 silly audit   '@babel/parser': [ '7.28.4' ],
37 silly audit   '@babel/plugin-syntax-async-generators': [ '7.8.4' ],
37 silly audit   '@babel/plugin-syntax-bigint': [ '7.8.3' ],
37 silly audit   '@babel/plugin-syntax-class-properties': [ '7.12.13' ],
37 silly audit   '@babel/plugin-syntax-class-static-block': [ '7.14.5' ],
37 silly audit   '@babel/plugin-syntax-import-attributes': [ '7.27.1' ],
37 silly audit   '@babel/plugin-syntax-import-meta': [ '7.10.4' ],
37 silly audit   '@babel/plugin-syntax-json-strings': [ '7.8.3' ],
37 silly audit   '@babel/plugin-syntax-jsx': [ '7.27.1' ],
37 silly audit   '@babel/plugin-syntax-logical-assignment-operators': [ '7.10.4' ],
37 silly audit   '@babel/plugin-syntax-nullish-coalescing-operator': [ '7.8.3' ],
37 silly audit   '@babel/plugin-syntax-numeric-separator': [ '7.10.4' ],
37 silly audit   '@babel/plugin-syntax-object-rest-spread': [ '7.8.3' ],
37 silly audit   '@babel/plugin-syntax-optional-catch-binding': [ '7.8.3' ],
37 silly audit   '@babel/plugin-syntax-optional-chaining': [ '7.8.3' ],
37 silly audit   '@babel/plugin-syntax-private-property-in-object': [ '7.14.5' ],
37 silly audit   '@babel/plugin-syntax-top-level-await': [ '7.14.5' ],
37 silly audit   '@babel/plugin-syntax-typescript': [ '7.27.1' ],
37 silly audit   '@babel/runtime': [ '7.28.4' ],
37 silly audit   '@babel/template': [ '7.27.2' ],
37 silly audit   '@babel/traverse': [ '7.28.4' ],
37 silly audit   '@babel/types': [ '7.28.4' ],
37 silly audit   '@bcoe/v8-coverage': [ '0.2.3' ],
37 silly audit   '@emnapi/core': [ '1.5.0' ],
37 silly audit   '@emnapi/runtime': [ '1.5.0' ],
37 silly audit   '@emnapi/wasi-threads': [ '1.1.0' ],
37 silly audit   '@eslint-community/eslint-utils': [ '4.9.0' ],
37 silly audit   '@eslint-community/regexpp': [ '4.12.1' ],
37 silly audit   '@eslint/eslintrc': [ '2.1.4' ],
37 silly audit   '@eslint/js': [ '8.57.1' ],
37 silly audit   '@fastify/busboy': [ '3.2.0' ],
37 silly audit   '@firebase/app-check-interop-types': [ '0.3.2' ],
37 silly audit   '@firebase/app-types': [ '0.9.2' ],
37 silly audit   '@firebase/auth-interop-types': [ '0.2.3' ],
37 silly audit   '@firebase/component': [ '0.6.9' ],
37 silly audit   '@firebase/database': [ '1.0.8' ],
37 silly audit   '@firebase/database-compat': [ '1.0.8' ],
37 silly audit   '@firebase/database-types': [ '1.0.5' ],
37 silly audit   '@firebase/logger': [ '0.4.2' ],
37 silly audit   '@firebase/util': [ '1.10.0' ],
37 silly audit   '@google-cloud/firestore': [ '7.11.6' ],
37 silly audit   '@google-cloud/paginator': [ '5.0.2' ],
37 silly audit   '@google-cloud/projectify': [ '4.0.0' ],
37 silly audit   '@google-cloud/promisify': [ '4.0.0' ],
37 silly audit   '@google-cloud/storage': [ '7.17.2' ],
37 silly audit   uuid: [ '8.3.2', '9.0.1', '10.0.0' ],
37 silly audit   '@grpc/grpc-js': [ '1.14.0' ],
37 silly audit   '@grpc/proto-loader': [ '0.8.0', '0.7.15' ],
37 silly audit   '@humanwhocodes/config-array': [ '0.13.0' ],
37 silly audit   '@humanwhocodes/module-importer': [ '1.0.1' ],
37 silly audit   '@humanwhocodes/object-schema': [ '2.0.3' ],
37 silly audit   '@isaacs/cliui': [ '8.0.2' ],
37 silly audit   'ansi-regex': [ '6.2.2', '5.0.1' ],
37 silly audit   'strip-ansi': [ '7.1.2', '6.0.1' ],
37 silly audit   '@istanbuljs/load-nyc-config': [ '1.1.0' ],
37 silly audit   argparse: [ '1.0.10', '2.0.1' ],
37 silly audit   'find-up': [ '4.1.0', '5.0.0' ],
37 silly audit   'js-yaml': [ '3.14.1', '4.1.0' ],
37 silly audit   'locate-path': [ '5.0.0', '6.0.0' ],
37 silly audit   'p-limit': [ '2.3.0', '3.1.0' ],
37 silly audit   'p-locate': [ '4.1.0', '5.0.0' ],
37 silly audit   'resolve-from': [ '5.0.0', '4.0.0' ],
37 silly audit   '@istanbuljs/schema': [ '0.1.3' ],
37 silly audit   '@jest/console': [ '30.2.0' ],
37 silly audit   '@jest/core': [ '30.2.0' ],
37 silly audit   '@jest/diff-sequences': [ '30.0.1' ],
37 silly audit   '@jest/environment': [ '30.2.0' ],
37 silly audit   '@jest/expect': [ '30.2.0' ],
37 silly audit   '@jest/expect-utils': [ '30.2.0' ],
37 silly audit   '@jest/fake-timers': [ '30.2.0' ],
37 silly audit   '@jest/get-type': [ '30.1.0' ],
37 silly audit   '@jest/globals': [ '30.2.0' ],
37 silly audit   '@jest/pattern': [ '30.0.1' ],
37 silly audit   '@jest/reporters': [ '30.2.0' ],
37 silly audit   '@jest/schemas': [ '30.0.5' ],
37 silly audit   '@jest/snapshot-utils': [ '30.2.0' ],
37 silly audit   '@jest/source-map': [ '30.0.1' ],
37 silly audit   '@jest/test-result': [ '30.2.0' ],
37 silly audit   '@jest/test-sequencer': [ '30.2.0' ],
37 silly audit   '@jest/transform': [ '30.2.0' ],
37 silly audit   '@jest/types': [ '30.2.0' ],
37 silly audit   '@jridgewell/gen-mapping': [ '0.3.13' ],
37 silly audit   '@jridgewell/remapping': [ '2.3.5' ],
37 silly audit   '@jridgewell/resolve-uri': [ '3.1.2' ],
37 silly audit   '@jridgewell/sourcemap-codec': [ '1.5.5' ],
37 silly audit   '@jridgewell/trace-mapping': [ '0.3.31' ],
37 silly audit   '@js-sdsl/ordered-map': [ '4.4.2' ],
37 silly audit   '@napi-rs/wasm-runtime': [ '0.2.12' ],
37 silly audit   '@nodelib/fs.scandir': [ '2.1.5' ],
37 silly audit   '@nodelib/fs.stat': [ '2.0.5' ],
37 silly audit   '@nodelib/fs.walk': [ '1.2.8' ],
37 silly audit   '@one-ini/wasm': [ '0.1.1' ],
37 silly audit   '@opentelemetry/api': [ '1.9.0' ],
37 silly audit   '@pkgjs/parseargs': [ '0.11.0' ],
37 silly audit   '@pkgr/core': [ '0.2.9' ],
37 silly audit   '@popperjs/core': [ '2.11.8' ],
37 silly audit   '@protobufjs/aspromise': [ '1.1.2' ],
37 silly audit   '@protobufjs/base64': [ '1.1.2' ],
37 silly audit   '@protobufjs/codegen': [ '2.0.4' ],
37 silly audit   '@protobufjs/eventemitter': [ '1.1.0' ],
37 silly audit   '@protobufjs/fetch': [ '1.1.0' ],
37 silly audit   '@protobufjs/float': [ '1.0.2' ],
37 silly audit   '@protobufjs/inquire': [ '1.1.0' ],
37 silly audit   '@protobufjs/path': [ '1.1.2' ],
37 silly audit   '@protobufjs/pool': [ '1.1.0' ],
37 silly audit   '@protobufjs/utf8': [ '1.1.0' ],
37 silly audit   '@restart/hooks': [ '0.4.16' ],
37 silly audit   '@sinclair/typebox': [ '0.34.41' ],
37 silly audit   '@sinonjs/commons': [ '3.0.1' ],
37 silly audit   '@sinonjs/fake-timers': [ '13.0.5' ],
37 silly audit   '@tootallnate/once': [ '2.0.0' ],
37 silly audit   '@tybys/wasm-util': [ '0.10.1' ],
37 silly audit   '@types/babel__core': [ '7.20.5' ],
37 silly audit   '@types/babel__generator': [ '7.27.0' ],
37 silly audit   '@types/babel__template': [ '7.4.4' ],
37 silly audit   '@types/babel__traverse': [ '7.28.0' ],
37 silly audit   '@types/body-parser': [ '1.19.6' ],
37 silly audit   '@types/caseless': [ '0.12.5' ],
37 silly audit   '@types/connect': [ '3.4.38' ],
37 silly audit   '@types/cors': [ '2.8.19' ],
37 silly audit   '@types/debug': [ '4.1.12' ],
37 silly audit   '@types/express': [ '4.17.23' ],
37 silly audit   '@types/express-serve-static-core': [ '4.19.7' ],
37 silly audit   '@types/http-errors': [ '2.0.5' ],
37 silly audit   '@types/istanbul-lib-coverage': [ '2.0.6' ],
37 silly audit   '@types/istanbul-lib-report': [ '3.0.3' ],
37 silly audit   '@types/istanbul-reports': [ '3.0.4' ],
37 silly audit   '@types/jsonwebtoken': [ '9.0.10' ],
37 silly audit   '@types/lodash': [ '4.17.20' ],
37 silly audit   '@types/long': [ '4.0.2' ],
37 silly audit   '@types/mime': [ '1.3.5' ],
37 silly audit   '@types/ms': [ '2.1.0' ],
37 silly audit   '@types/node': [ '22.18.10' ],
37 silly audit   '@types/qs': [ '6.14.0' ],
37 silly audit   '@types/range-parser': [ '1.2.7' ],
37 silly audit   '@types/react': [ '19.2.2' ],
37 silly audit   '@types/request': [ '2.48.13' ],
37 silly audit   '@types/send': [ '1.2.0', '0.17.5' ],
37 silly audit   '@types/serve-static': [ '1.15.9' ],
37 silly audit   '@types/stack-utils': [ '2.0.3' ],
37 silly audit   '@types/tough-cookie': [ '4.0.5' ],
37 silly audit   '@types/validator': [ '13.15.4' ],
37 silly audit   '@types/warning': [ '3.0.3' ],
37 silly audit   '@types/yargs': [ '17.0.33' ],
37 silly audit   '@types/yargs-parser': [ '21.0.3' ],
37 silly audit   '@ungap/structured-clone': [ '1.3.0' ],
37 silly audit   '@unrs/resolver-binding-android-arm-eabi': [ '1.11.1' ],
37 silly audit   '@unrs/resolver-binding-android-arm64': [ '1.11.1' ],
37 silly audit   '@unrs/resolver-binding-darwin-arm64': [ '1.11.1' ],
37 silly audit   '@unrs/resolver-binding-darwin-x64': [ '1.11.1' ],
37 silly audit   '@unrs/resolver-binding-freebsd-x64': [ '1.11.1' ],
37 silly audit   '@unrs/resolver-binding-linux-arm-gnueabihf': [ '1.11.1' ],
37 silly audit   '@unrs/resolver-binding-linux-arm-musleabihf': [ '1.11.1' ],
37 silly audit   '@unrs/resolver-binding-linux-arm64-gnu': [ '1.11.1' ],
37 silly audit   '@unrs/resolver-binding-linux-arm64-musl': [ '1.11.1' ],
37 silly audit   '@unrs/resolver-binding-linux-ppc64-gnu': [ '1.11.1' ],
37 silly audit   '@unrs/resolver-binding-linux-riscv64-gnu': [ '1.11.1' ],
37 silly audit   '@unrs/resolver-binding-linux-riscv64-musl': [ '1.11.1' ],
37 silly audit   '@unrs/resolver-binding-linux-s390x-gnu': [ '1.11.1' ],
37 silly audit   '@unrs/resolver-binding-linux-x64-gnu': [ '1.11.1' ],
37 silly audit   '@unrs/resolver-binding-linux-x64-musl': [ '1.11.1' ],
37 silly audit   '@unrs/resolver-binding-wasm32-wasi': [ '1.11.1' ],
37 silly audit   '@unrs/resolver-binding-win32-arm64-msvc': [ '1.11.1' ],
37 silly audit   '@unrs/resolver-binding-win32-ia32-msvc': [ '1.11.1' ],
37 silly audit   '@unrs/resolver-binding-win32-x64-msvc': [ '1.11.1' ],
37 silly audit   abbrev: [ '2.0.0' ],
37 silly audit   'abort-controller': [ '3.0.0' ],
37 silly audit   accepts: [ '1.3.8' ],
37 silly audit   acorn: [ '8.15.0' ],
37 silly audit   'acorn-jsx': [ '5.3.2' ],
37 silly audit   'agent-base': [ '7.1.4', '6.0.2' ],
37 silly audit   ajv: [ '6.12.6' ],
37 silly audit   'ansi-escapes': [ '4.3.2' ],
37 silly audit   'type-fest': [ '0.21.3', '0.20.2' ],
37 silly audit   'ansi-styles': [ '4.3.0', '5.2.0', '6.2.3' ],
37 silly audit   anymatch: [ '3.1.3' ],
37 silly audit   'array-flatten': [ '1.1.1' ],
37 silly audit   arrify: [ '2.0.1' ],
37 silly audit   'asn1.js': [ '5.4.1' ],
37 silly audit   'async-retry': [ '1.3.3' ],
37 silly audit   asynckit: [ '0.4.0' ],
37 silly audit   'at-least-node': [ '1.0.0' ],
37 silly audit   'babel-jest': [ '30.2.0' ],
37 silly audit   'babel-plugin-istanbul': [ '7.0.1' ],
37 silly audit   'babel-plugin-jest-hoist': [ '30.2.0' ],
37 silly audit   'babel-preset-current-node-syntax': [ '1.2.0' ],
37 silly audit   'babel-preset-jest': [ '30.2.0' ],
37 silly audit   'balanced-match': [ '1.0.2' ],
37 silly audit   'base64-js': [ '1.5.1' ],
37 silly audit   'baseline-browser-mapping': [ '2.8.16' ],
37 silly audit   'bignumber.js': [ '9.3.1' ],
37 silly audit   bluebird: [ '3.7.2' ],
37 silly audit   'bn.js': [ '4.12.2' ],
37 silly audit   'body-parser': [ '1.20.3' ],
37 silly audit   debug: [ '2.6.9', '4.4.3' ],
37 silly audit   ms: [ '2.0.0', '2.1.3' ],
37 silly audit   'brace-expansion': [ '1.1.12', '2.0.2' ],
37 silly audit   braces: [ '3.0.3' ],
37 silly audit   browserslist: [ '4.26.3' ],
37 silly audit   bser: [ '2.1.1' ],
37 silly audit   'buffer-equal-constant-time': [ '1.0.1' ],
37 silly audit   'buffer-from': [ '1.1.2' ],
37 silly audit   bytes: [ '3.1.2' ],
37 silly audit   'call-bind-apply-helpers': [ '1.0.2' ],
37 silly audit   'call-bound': [ '1.0.4' ],
37 silly audit   callsites: [ '3.1.0' ],
37 silly audit   camelcase: [ '5.3.1', '6.3.0' ],
37 silly audit   'caniuse-lite': [ '1.0.30001750' ],
37 silly audit   chalk: [ '4.1.2' ],
37 silly audit   'char-regex': [ '1.0.2' ],
37 silly audit   'ci-info': [ '4.3.1' ],
37 silly audit   'cjs-module-lexer': [ '2.1.0' ],
37 silly audit   cliui: [ '8.0.1', '7.0.4' ],
37 silly audit   'emoji-regex': [ '8.0.0', '9.2.2' ],
37 silly audit   'string-width': [ '4.2.3', '5.1.2' ],
37 silly audit   'wrap-ansi': [ '7.0.0', '8.1.0' ],
37 silly audit   clsx: [ '1.2.1' ],
37 silly audit   co: [ '4.6.0' ],
37 silly audit   'collect-v8-coverage': [ '1.0.2' ],
37 silly audit   'color-convert': [ '2.0.1' ],
37 silly audit   'color-name': [ '1.1.4' ],
37 silly audit   'combined-stream': [ '1.0.8' ],
37 silly audit   commander: [ '10.0.1' ],
37 silly audit   'concat-map': [ '0.0.1' ],
37 silly audit   'config-chain': [ '1.1.13' ],
37 silly audit   'content-disposition': [ '0.5.4' ],
37 silly audit   'content-type': [ '1.0.5' ],
37 silly audit   'convert-source-map': [ '2.0.0' ],
37 silly audit   cookie: [ '0.7.1' ],
37 silly audit   'cookie-signature': [ '1.0.6' ],
37 silly audit   cors: [ '2.8.5' ],
37 silly audit   'cross-spawn': [ '7.0.6' ],
37 silly audit   csstype: [ '3.1.3' ],
37 silly audit   'data-uri-to-buffer': [ '4.0.1' ],
37 silly audit   'date-arithmetic': [ '4.1.0' ],
37 silly audit   dayjs: [ '1.11.18' ],
37 silly audit   dedent: [ '1.7.0' ],
37 silly audit   'deep-is': [ '0.1.4' ],
37 silly audit   deepmerge: [ '4.3.1' ],
37 silly audit   'delayed-stream': [ '1.0.0' ],
37 silly audit   depd: [ '2.0.0' ],
37 silly audit   dequal: [ '2.0.3' ],
37 silly audit   destroy: [ '1.2.0' ],
37 silly audit   'detect-newline': [ '3.1.0' ],
37 silly audit   doctrine: [ '3.0.0' ],
37 silly audit   'dom-helpers': [ '5.2.1' ],
37 silly audit   dotenv: [ '17.2.3' ],
37 silly audit   dottie: [ '2.0.6' ],
37 silly audit   'dunder-proto': [ '1.0.1' ],
37 silly audit   duplexify: [ '4.1.3' ],
37 silly audit   eastasianwidth: [ '0.2.0' ],
37 silly audit   'ecdsa-sig-formatter': [ '1.0.11' ],
37 silly audit   editorconfig: [ '1.0.4' ],
37 silly audit   minimatch: [ '9.0.1', '9.0.5', '3.1.2' ],
37 silly audit   semver: [ '7.7.3', '6.3.1' ],
37 silly audit   'ee-first': [ '1.1.1' ],
37 silly audit   'electron-to-chromium': [ '1.5.234' ],
37 silly audit   emittery: [ '0.13.1' ],
37 silly audit   encodeurl: [ '2.0.0', '1.0.2' ],
37 silly audit   'end-of-stream': [ '1.4.5' ],
37 silly audit   'error-ex': [ '1.3.4' ],
37 silly audit   'es-define-property': [ '1.0.1' ],
37 silly audit   'es-errors': [ '1.3.0' ],
37 silly audit   'es-object-atoms': [ '1.1.1' ],
37 silly audit   'es-set-tostringtag': [ '2.1.0' ],
37 silly audit   escalade: [ '3.2.0' ],
37 silly audit   'escape-html': [ '1.0.3' ],
37 silly audit   'escape-string-regexp': [ '4.0.0', '2.0.0' ],
37 silly audit   eslint: [ '8.57.1' ],
37 silly audit   'eslint-config-google': [ '0.14.0' ],
37 silly audit   'eslint-scope': [ '7.2.2' ],
37 silly audit   'eslint-visitor-keys': [ '3.4.3' ],
37 silly audit   espree: [ '9.6.1' ],
37 silly audit   esprima: [ '4.0.1' ],
37 silly audit   esquery: [ '1.6.0' ],
37 silly audit   esrecurse: [ '4.3.0' ],
37 silly audit   estraverse: [ '5.3.0' ],
37 silly audit   esutils: [ '2.0.3' ],
37 silly audit   etag: [ '1.8.1' ],
37 silly audit   'event-target-shim': [ '5.0.1' ],
37 silly audit   execa: [ '5.1.1' ],
37 silly audit   'signal-exit': [ '3.0.7', '4.1.0' ],
37 silly audit   'exit-x': [ '0.2.2' ],
37 silly audit   expect: [ '30.2.0' ],
37 silly audit   express: [ '4.21.2' ],
37 silly audit   extend: [ '3.0.2' ],
37 silly audit   'farmhash-modern': [ '1.1.0' ],
37 silly audit   'fast-deep-equal': [ '3.1.3' ],
37 silly audit   'fast-json-stable-stringify': [ '2.1.0' ],
37 silly audit   'fast-levenshtein': [ '2.0.6' ],
37 silly audit   'fast-xml-parser': [ '4.5.3' ],
37 silly audit   fastq: [ '1.19.1' ],
37 silly audit   'faye-websocket': [ '0.11.4' ],
37 silly audit   'fb-watchman': [ '2.0.2' ],
37 silly audit   'fetch-blob': [ '3.2.0' ],
37 silly audit   'file-entry-cache': [ '6.0.1' ],
37 silly audit   'fill-range': [ '7.1.1' ],
37 silly audit   finalhandler: [ '1.3.1' ],
37 silly audit   'firebase-admin': [ '12.7.0' ],
37 silly audit   'firebase-functions': [ '6.5.0' ],
37 silly audit   'firebase-functions-test': [ '3.4.1' ],
37 silly audit   'flat-cache': [ '3.2.0' ],
37 silly audit   flatted: [ '3.3.3' ],
37 silly audit   'foreground-child': [ '3.3.1' ],
37 silly audit   'form-data': [ '2.5.5' ],
37 silly audit   'formdata-polyfill': [ '4.0.10' ],
37 silly audit   forwarded: [ '0.2.0' ],
37 silly audit   fresh: [ '0.5.2' ],
37 silly audit   'fs-extra': [ '9.1.0' ],
37 silly audit   'fs.realpath': [ '1.0.0' ],
37 silly audit   fsevents: [ '2.3.3' ],
37 silly audit   'function-bind': [ '1.1.2' ],
37 silly audit   'functional-red-black-tree': [ '1.0.1' ],
37 silly audit   gaxios: [ '6.7.1', '7.1.2' ],
37 silly audit   'gcp-metadata': [ '6.1.1', '7.0.1' ],
37 silly audit   gensync: [ '1.0.0-beta.2' ],
37 silly audit   'get-caller-file': [ '2.0.5' ],
37 silly audit   'get-intrinsic': [ '1.3.0' ],
37 silly audit   'get-package-type': [ '0.1.0' ],
37 silly audit   'get-proto': [ '1.0.1' ],
37 silly audit   'get-stream': [ '6.0.1' ],
37 silly audit   glob: [ '10.4.5', '7.2.3' ],
37 silly audit   'glob-parent': [ '6.0.2' ],
37 silly audit   globalize: [ '0.1.1' ],
37 silly audit   globals: [ '13.24.0' ],
37 silly audit   'google-auth-library': [ '9.15.1', '10.4.0' ],
37 silly audit   'google-gax': [ '4.6.1' ],
37 silly audit   'google-logging-utils': [ '0.0.2', '1.1.1' ],
37 silly audit   googleapis: [ '162.0.0' ],
37 silly audit   'googleapis-common': [ '8.0.0' ],
37 silly audit   gtoken: [ '8.0.0', '7.1.0' ],
37 silly audit   'node-fetch': [ '3.3.2', '2.7.0' ],
37 silly audit   gopd: [ '1.2.0' ],
37 silly audit   'graceful-fs': [ '4.2.11' ],
37 silly audit   graphemer: [ '1.4.0' ],
37 silly audit   'has-flag': [ '4.0.0' ],
37 silly audit   'has-symbols': [ '1.1.0' ],
37 silly audit   'has-tostringtag': [ '1.0.2' ],
37 silly audit   hasown: [ '2.0.2' ],
37 silly audit   'html-entities': [ '2.6.0' ],
37 silly audit   'html-escaper': [ '2.0.2' ],
37 silly audit   http_ece: [ '1.2.0' ],
37 silly audit   'http-errors': [ '2.0.0' ],
37 silly audit   'http-parser-js': [ '0.5.10' ],
37 silly audit   'http-proxy-agent': [ '5.0.0' ],
37 silly audit   'https-proxy-agent': [ '7.0.6', '5.0.1' ],
37 silly audit   'human-signals': [ '2.1.0' ],
37 silly audit   'iconv-lite': [ '0.4.24' ],
37 silly audit   ignore: [ '5.3.2' ],
37 silly audit   'import-fresh': [ '3.3.1' ],
37 silly audit   'import-local': [ '3.2.0' ],
37 silly audit   imurmurhash: [ '0.1.4' ],
37 silly audit   inflection: [ '1.13.4' ],
37 silly audit   inflight: [ '1.0.6' ],
37 silly audit   inherits: [ '2.0.4' ],
37 silly audit   ini: [ '1.3.8' ],
37 silly audit   invariant: [ '2.2.4' ],
37 silly audit   'ipaddr.js': [ '1.9.1' ],
37 silly audit   'is-arrayish': [ '0.2.1' ],
37 silly audit   'is-core-module': [ '2.16.1' ],
37 silly audit   'is-extglob': [ '2.1.1' ],
37 silly audit   'is-fullwidth-code-point': [ '3.0.0' ],
37 silly audit   'is-generator-fn': [ '2.1.0' ],
37 silly audit   'is-glob': [ '4.0.3' ],
37 silly audit   'is-number': [ '7.0.0' ],
37 silly audit   'is-path-inside': [ '3.0.3' ],
37 silly audit   'is-stream': [ '2.0.1' ],
37 silly audit   isexe: [ '2.0.0' ],
37 silly audit   'istanbul-lib-coverage': [ '3.2.2' ],
37 silly audit   'istanbul-lib-instrument': [ '6.0.3' ],
37 silly audit   'istanbul-lib-report': [ '3.0.1' ],
37 silly audit   'istanbul-lib-source-maps': [ '5.0.6' ],
37 silly audit   'istanbul-reports': [ '3.2.0' ],
37 silly audit   jackspeak: [ '3.4.3' ],
37 silly audit   jest: [ '30.2.0' ],
37 silly audit   'jest-changed-files': [ '30.2.0' ],
37 silly audit   'jest-circus': [ '30.2.0' ],
37 silly audit   'jest-cli': [ '30.2.0' ],
37 silly audit   'jest-config': [ '30.2.0' ],
37 silly audit   'jest-diff': [ '30.2.0' ],
37 silly audit   'jest-docblock': [ '30.2.0' ],
37 silly audit   'jest-each': [ '30.2.0' ],
37 silly audit   'jest-environment-node': [ '30.2.0' ],
37 silly audit   'jest-haste-map': [ '30.2.0' ],
37 silly audit   'jest-leak-detector': [ '30.2.0' ],
37 silly audit   'jest-matcher-utils': [ '30.2.0' ],
37 silly audit   'jest-message-util': [ '30.2.0' ],
37 silly audit   'jest-mock': [ '30.2.0' ],
37 silly audit   'jest-pnp-resolver': [ '1.2.3' ],
37 silly audit   'jest-regex-util': [ '30.0.1' ],
37 silly audit   'jest-resolve': [ '30.2.0' ],
37 silly audit   'jest-resolve-dependencies': [ '30.2.0' ],
37 silly audit   'jest-runner': [ '30.2.0' ],
37 silly audit   'jest-runtime': [ '30.2.0' ],
37 silly audit   'jest-snapshot': [ '30.2.0' ],
37 silly audit   'jest-util': [ '30.2.0' ],
37 silly audit   picomatch: [ '4.0.3', '2.3.1' ],
37 silly audit   'jest-validate': [ '30.2.0' ],
37 silly audit   'jest-watcher': [ '30.2.0' ],
37 silly audit   'jest-worker': [ '30.2.0' ],
37 silly audit   'supports-color': [ '8.1.1', '7.2.0' ],
37 silly audit   jose: [ '4.15.9' ],
37 silly audit   'js-beautify': [ '1.15.4' ],
37 silly audit   'js-cookie': [ '3.0.5' ],
37 silly audit   'js-tokens': [ '4.0.0' ],
37 silly audit   jsesc: [ '3.1.0' ],
37 silly audit   'json-bigint': [ '1.0.0' ],
37 silly audit   'json-buffer': [ '3.0.1' ],
37 silly audit   'json-parse-even-better-errors': [ '2.3.1' ],
37 silly audit   'json-schema-traverse': [ '0.4.1' ],
37 silly audit   'json-stable-stringify-without-jsonify': [ '1.0.1' ],
37 silly audit   json5: [ '2.2.3' ],
37 silly audit   jsonfile: [ '6.2.0' ],
37 silly audit   jsonwebtoken: [ '9.0.2' ],
37 silly audit   jwa: [ '1.4.2', '2.0.1' ],
37 silly audit   jws: [ '3.2.2', '4.0.0' ],
37 silly audit   'jwks-rsa': [ '3.2.0' ],
37 silly audit   keyv: [ '4.5.4' ],
37 silly audit   leven: [ '3.1.0' ],
37 silly audit   levn: [ '0.4.1' ],
37 silly audit   limiter: [ '1.1.5' ],
37 silly audit   'lines-and-columns': [ '1.2.4' ],
37 silly audit   lodash: [ '4.17.21' ],
37 silly audit   'lodash-es': [ '4.17.21' ],
37 silly audit   'lodash.camelcase': [ '4.3.0' ],
37 silly audit   'lodash.clonedeep': [ '4.5.0' ],
37 silly audit   'lodash.includes': [ '4.3.0' ],
37 silly audit   'lodash.isboolean': [ '3.0.3' ],
37 silly audit   'lodash.isinteger': [ '4.0.4' ],
37 silly audit   'lodash.isnumber': [ '3.0.3' ],
37 silly audit   'lodash.isplainobject': [ '4.0.6' ],
37 silly audit   'lodash.isstring': [ '4.0.1' ],
37 silly audit   'lodash.merge': [ '4.6.2' ],
37 silly audit   'lodash.once': [ '4.1.1' ],
37 silly audit   long: [ '5.3.2' ],
37 silly audit   'loose-envify': [ '1.4.0' ],
37 silly audit   'lru-cache': [ '5.1.1', '6.0.0', '10.4.3' ],
37 silly audit   'lru-memoizer': [ '2.3.0' ],
37 silly audit   yallist: [ '4.0.0', '3.1.1' ],
37 silly audit   luxon: [ '3.7.2' ],
37 silly audit   'make-dir': [ '4.0.0' ],
37 silly audit   makeerror: [ '1.0.12' ],
37 silly audit   'math-intrinsics': [ '1.1.0' ],
37 silly audit   'media-typer': [ '0.3.0' ],
37 silly audit   'memoize-one': [ '6.0.0' ],
37 silly audit   'merge-descriptors': [ '1.0.3' ],
37 silly audit   'merge-stream': [ '2.0.0' ],
37 silly audit   methods: [ '1.1.2' ],
37 silly audit   micromatch: [ '4.0.8' ],
37 silly audit   mime: [ '3.0.0', '1.6.0' ],
37 silly audit   'mime-db': [ '1.52.0' ],
37 silly audit   'mime-types': [ '2.1.35' ],
37 silly audit   'mimic-fn': [ '2.1.0' ],
37 silly audit   'minimalistic-assert': [ '1.0.1' ],
37 silly audit   minimist: [ '1.2.8' ],
37 silly audit   minipass: [ '7.1.2' ],
37 silly audit   moment: [ '2.30.1' ],
37 silly audit   'napi-postinstall': [ '0.3.4' ],
37 silly audit   'natural-compare': [ '1.4.0' ],
37 silly audit   negotiator: [ '0.6.3' ],
37 silly audit   'node-domexception': [ '1.0.0' ],
37 silly audit   'node-forge': [ '1.3.1' ],
37 silly audit   'node-int64': [ '0.4.0' ],
37 silly audit   'node-releases': [ '2.0.23' ],
37 silly audit   nodemailer: [ '6.10.1' ],
37 silly audit   nopt: [ '7.2.1' ],
37 silly audit   'normalize-path': [ '3.0.0' ],
37 silly audit   'npm-run-path': [ '4.0.1' ],
37 silly audit   'object-assign': [ '4.1.1' ],
37 silly audit   'object-hash': [ '3.0.0' ],
37 silly audit   'object-inspect': [ '1.13.4' ],
37 silly audit   'on-finished': [ '2.4.1' ],
37 silly audit   once: [ '1.4.0' ],
37 silly audit   onetime: [ '5.1.2' ],
37 silly audit   optionator: [ '0.9.4' ],
37 silly audit   'p-try': [ '2.2.0' ],
37 silly audit   'package-json-from-dist': [ '1.0.1' ],
37 silly audit   'parent-module': [ '1.0.1' ],
37 silly audit   'parse-json': [ '5.2.0' ],
37 silly audit   parseurl: [ '1.3.3' ],
37 silly audit   'path-exists': [ '4.0.0' ],
37 silly audit   'path-is-absolute': [ '1.0.1' ],
37 silly audit   'path-key': [ '3.1.1' ],
37 silly audit   'path-parse': [ '1.0.7' ],
37 silly audit   'path-scurry': [ '1.11.1' ],
37 silly audit   'path-to-regexp': [ '0.1.12' ],
37 silly audit   pg: [ '8.16.3' ],
37 silly audit   'pg-cloudflare': [ '1.2.7' ],
37 silly audit   'pg-connection-string': [ '2.9.1' ],
37 silly audit   'pg-int8': [ '1.0.1' ],
37 silly audit   'pg-pool': [ '3.10.1' ],
37 silly audit   'pg-protocol': [ '1.10.3' ],
37 silly audit   'pg-types': [ '2.2.0' ],
37 silly audit   pgpass: [ '1.0.5' ],
37 silly audit   picocolors: [ '1.1.1' ],
37 silly audit   pirates: [ '4.0.7' ],
37 silly audit   'pkg-dir': [ '4.2.0' ],
37 silly audit   'postgres-array': [ '2.0.0' ],
37 silly audit   'postgres-bytea': [ '1.0.0' ],
37 silly audit   'postgres-date': [ '1.0.7' ],
37 silly audit   'postgres-interval': [ '1.2.0' ],
37 silly audit   'prelude-ls': [ '1.2.1' ],
37 silly audit   'pretty-format': [ '30.2.0' ],
37 silly audit   'prop-types': [ '15.8.1' ],
37 silly audit   'react-is': [ '16.13.1', '18.3.1' ],
37 silly audit   'proto-list': [ '1.2.4' ],
37 silly audit   'proto3-json-serializer': [ '2.0.2' ],
37 silly audit   protobufjs: [ '7.5.4' ],
37 silly audit   'proxy-addr': [ '2.0.7' ],
37 silly audit   punycode: [ '2.3.1' ],
37 silly audit   'pure-rand': [ '7.0.1' ],
37 silly audit   qs: [ '6.13.0' ],
37 silly audit   'queue-microtask': [ '1.2.3' ],
37 silly audit   'range-parser': [ '1.2.1' ],
37 silly audit   'raw-body': [ '2.5.2' ],
37 silly audit   react: [ '19.2.0' ],
37 silly audit   'react-big-calendar': [ '1.19.4' ],
37 silly audit   'react-dom': [ '19.2.0' ],
37 silly audit   'react-lifecycles-compat': [ '3.0.4' ],
37 silly audit   'react-overlays': [ '5.2.1' ],
37 silly audit   'readable-stream': [ '3.6.2' ],
37 silly audit   'require-directory': [ '2.1.1' ],
37 silly audit   resolve: [ '1.22.11' ],
37 silly audit   'resolve-cwd': [ '3.0.0' ],
37 silly audit   retry: [ '0.13.1' ],
37 silly audit   'retry-as-promised': [ '7.1.1' ],
37 silly audit   'retry-request': [ '7.0.2' ],
37 silly audit   reusify: [ '1.1.0' ],
37 silly audit   rimraf: [ '3.0.2' ],
37 silly audit   'run-parallel': [ '1.2.0' ],
37 silly audit   'safe-buffer': [ '5.2.1' ],
37 silly audit   'safer-buffer': [ '2.1.2' ],
37 silly audit   scheduler: [ '0.27.0' ],
37 silly audit   send: [ '0.19.0' ],
37 silly audit   sequelize: [ '6.37.7' ],
37 silly audit   'sequelize-cli': [ '6.6.3' ],
37 silly audit   yargs: [ '16.2.0', '17.7.2' ],
37 silly audit   'yargs-parser': [ '20.2.9', '21.1.1' ],
37 silly audit   'sequelize-pool': [ '7.1.0' ],
37 silly audit   'serve-static': [ '1.16.2' ],
37 silly audit   setprototypeof: [ '1.2.0' ],
37 silly audit   'shebang-command': [ '2.0.0' ],
37 silly audit   'shebang-regex': [ '3.0.0' ],
37 silly audit   'side-channel': [ '1.1.0' ],
37 silly audit   'side-channel-list': [ '1.0.0' ],
37 silly audit   'side-channel-map': [ '1.0.1' ],
37 silly audit   'side-channel-weakmap': [ '1.0.2' ],
37 silly audit   slash: [ '3.0.0' ],
37 silly audit   'source-map': [ '0.6.1' ],
37 silly audit   'source-map-support': [ '0.5.13' ],
37 silly audit   split2: [ '4.2.0' ],
37 silly audit   'sprintf-js': [ '1.0.3' ],
37 silly audit   'stack-utils': [ '2.0.6' ],
37 silly audit   statuses: [ '2.0.1' ],
37 silly audit   'stream-events': [ '1.0.5' ],
37 silly audit   'stream-shift': [ '1.0.3' ],
37 silly audit   string_decoder: [ '1.3.0' ],
37 silly audit   'string-length': [ '4.0.2' ],
37 silly audit   'strip-bom': [ '4.0.0' ],
37 silly audit   'strip-final-newline': [ '2.0.0' ],
37 silly audit   'strip-json-comments': [ '3.1.1' ],
37 silly audit   strnum: [ '1.1.2' ],
37 silly audit   stubs: [ '3.0.0' ],
37 silly audit   'supports-preserve-symlinks-flag': [ '1.0.0' ],
37 silly audit   synckit: [ '0.11.11' ],
37 silly audit   'teeny-request': [ '9.0.0' ],
37 silly audit   'test-exclude': [ '6.0.0' ],
37 silly audit   'text-table': [ '0.2.0' ],
37 silly audit   tmpl: [ '1.0.5' ],
37 silly audit   'to-regex-range': [ '5.0.1' ],
37 silly audit   toidentifier: [ '1.0.1' ],
37 silly audit   'toposort-class': [ '1.0.1' ],
37 silly audit   tr46: [ '0.0.3' ],
37 silly audit   'ts-deepmerge': [ '2.0.7' ],
37 silly audit   tslib: [ '2.8.1' ],
37 silly audit   'type-check': [ '0.4.0' ],
37 silly audit   'type-detect': [ '4.0.8' ],
37 silly audit   'type-is': [ '1.6.18' ],
37 silly audit   umzug: [ '2.3.0' ],
37 silly audit   uncontrollable: [ '7.2.1' ],
37 silly audit   'undici-types': [ '6.21.0' ],
37 silly audit   universalify: [ '2.0.1' ],
37 silly audit   unpipe: [ '1.0.0' ],
37 silly audit   'unrs-resolver': [ '1.11.1' ],
37 silly audit   'update-browserslist-db': [ '1.1.3' ],
37 silly audit   'uri-js': [ '4.4.1' ],
37 silly audit   'url-template': [ '2.0.8' ],
37 silly audit   'util-deprecate': [ '1.0.2' ],
37 silly audit   'utils-merge': [ '1.0.1' ],
37 silly audit   'v8-to-istanbul': [ '9.3.0' ],
37 silly audit   validator: [ '13.15.20' ],
37 silly audit   vary: [ '1.1.2' ],
37 silly audit   walker: [ '1.0.8' ],
37 silly audit   warning: [ '4.0.3' ],
37 silly audit   'web-push': [ '3.6.7' ],
37 silly audit   'web-streams-polyfill': [ '3.3.3' ],
37 silly audit   'webidl-conversions': [ '3.0.1' ],
37 silly audit   'websocket-driver': [ '0.7.4' ],
37 silly audit   'websocket-extensions': [ '0.1.4' ],
37 silly audit   'whatwg-url': [ '5.0.0' ],
37 silly audit   which: [ '2.0.2' ],
37 silly audit   wkx: [ '0.5.0' ],
37 silly audit   'word-wrap': [ '1.2.5' ],
37 silly audit   wrappy: [ '1.0.2' ],
37 silly audit   'write-file-atomic': [ '5.0.1' ],
37 silly audit   xtend: [ '4.0.2' ],
37 silly audit   y18n: [ '5.0.8' ],
37 silly audit   'yocto-queue': [ '0.1.0' ],
37 silly audit   'moment-timezone': [ '0.6.0', '0.5.48' ]
37 silly audit }
38 verbose reify failed optional dependency /Users/jacobdayton/projects/conscious-bookclub/functions/node_modules/@unrs/resolver-binding-win32-x64-msvc
39 silly reify mark deleted [
39 silly reify   '/Users/jacobdayton/projects/conscious-bookclub/functions/node_modules/@unrs/resolver-binding-win32-x64-msvc'
39 silly reify ]
40 verbose reify failed optional dependency /Users/jacobdayton/projects/conscious-bookclub/functions/node_modules/@unrs/resolver-binding-win32-ia32-msvc
41 silly reify mark deleted [
41 silly reify   '/Users/jacobdayton/projects/conscious-bookclub/functions/node_modules/@unrs/resolver-binding-win32-ia32-msvc'
41 silly reify ]
42 verbose reify failed optional dependency /Users/jacobdayton/projects/conscious-bookclub/functions/node_modules/@unrs/resolver-binding-win32-arm64-msvc
43 silly reify mark deleted [
43 silly reify   '/Users/jacobdayton/projects/conscious-bookclub/functions/node_modules/@unrs/resolver-binding-win32-arm64-msvc'
43 silly reify ]
44 verbose reify failed optional dependency /Users/jacobdayton/projects/conscious-bookclub/functions/node_modules/@unrs/resolver-binding-wasm32-wasi
45 silly reify mark deleted [
45 silly reify   '/Users/jacobdayton/projects/conscious-bookclub/functions/node_modules/@unrs/resolver-binding-wasm32-wasi'
45 silly reify ]
46 verbose reify failed optional dependency /Users/jacobdayton/projects/conscious-bookclub/functions/node_modules/@napi-rs/wasm-runtime
47 silly reify mark deleted [
47 silly reify   '/Users/jacobdayton/projects/conscious-bookclub/functions/node_modules/@napi-rs/wasm-runtime'
47 silly reify ]
48 verbose reify failed optional dependency /Users/jacobdayton/projects/conscious-bookclub/functions/node_modules/@emnapi/core
49 silly reify mark deleted [
49 silly reify   '/Users/jacobdayton/projects/conscious-bookclub/functions/node_modules/@emnapi/core'
49 silly reify ]
50 verbose reify failed optional dependency /Users/jacobdayton/projects/conscious-bookclub/functions/node_modules/@emnapi/runtime
51 silly reify mark deleted [
51 silly reify   '/Users/jacobdayton/projects/conscious-bookclub/functions/node_modules/@emnapi/runtime'
51 silly reify ]
52 verbose reify failed optional dependency /Users/jacobdayton/projects/conscious-bookclub/functions/node_modules/@tybys/wasm-util
53 silly reify mark deleted [
53 silly reify   '/Users/jacobdayton/projects/conscious-bookclub/functions/node_modules/@tybys/wasm-util'
53 silly reify ]
54 verbose reify failed optional dependency /Users/jacobdayton/projects/conscious-bookclub/functions/node_modules/@emnapi/wasi-threads
55 silly reify mark deleted [
55 silly reify   '/Users/jacobdayton/projects/conscious-bookclub/functions/node_modules/@emnapi/wasi-threads'
55 silly reify ]
56 verbose reify failed optional dependency /Users/jacobdayton/projects/conscious-bookclub/functions/node_modules/@unrs/resolver-binding-linux-x64-musl
57 silly reify mark deleted [
57 silly reify   '/Users/jacobdayton/projects/conscious-bookclub/functions/node_modules/@unrs/resolver-binding-linux-x64-musl'
57 silly reify ]
58 verbose reify failed optional dependency /Users/jacobdayton/projects/conscious-bookclub/functions/node_modules/@unrs/resolver-binding-linux-x64-gnu
59 silly reify mark deleted [
59 silly reify   '/Users/jacobdayton/projects/conscious-bookclub/functions/node_modules/@unrs/resolver-binding-linux-x64-gnu'
59 silly reify ]
60 verbose reify failed optional dependency /Users/jacobdayton/projects/conscious-bookclub/functions/node_modules/@unrs/resolver-binding-linux-s390x-gnu
61 silly reify mark deleted [
61 silly reify   '/Users/jacobdayton/projects/conscious-bookclub/functions/node_modules/@unrs/resolver-binding-linux-s390x-gnu'
61 silly reify ]
62 verbose reify failed optional dependency /Users/jacobdayton/projects/conscious-bookclub/functions/node_modules/@unrs/resolver-binding-linux-riscv64-musl
63 silly reify mark deleted [
63 silly reify   '/Users/jacobdayton/projects/conscious-bookclub/functions/node_modules/@unrs/resolver-binding-linux-riscv64-musl'
63 silly reify ]
64 verbose reify failed optional dependency /Users/jacobdayton/projects/conscious-bookclub/functions/node_modules/@unrs/resolver-binding-linux-riscv64-gnu
65 silly reify mark deleted [
65 silly reify   '/Users/jacobdayton/projects/conscious-bookclub/functions/node_modules/@unrs/resolver-binding-linux-riscv64-gnu'
65 silly reify ]
66 verbose reify failed optional dependency /Users/jacobdayton/projects/conscious-bookclub/functions/node_modules/@unrs/resolver-binding-linux-ppc64-gnu
67 silly reify mark deleted [
67 silly reify   '/Users/jacobdayton/projects/conscious-bookclub/functions/node_modules/@unrs/resolver-binding-linux-ppc64-gnu'
67 silly reify ]
68 verbose reify failed optional dependency /Users/jacobdayton/projects/conscious-bookclub/functions/node_modules/@unrs/resolver-binding-linux-arm64-musl
69 silly reify mark deleted [
69 silly reify   '/Users/jacobdayton/projects/conscious-bookclub/functions/node_modules/@unrs/resolver-binding-linux-arm64-musl'
69 silly reify ]
70 verbose reify failed optional dependency /Users/jacobdayton/projects/conscious-bookclub/functions/node_modules/@unrs/resolver-binding-linux-arm64-gnu
71 silly reify mark deleted [
71 silly reify   '/Users/jacobdayton/projects/conscious-bookclub/functions/node_modules/@unrs/resolver-binding-linux-arm64-gnu'
71 silly reify ]
72 verbose reify failed optional dependency /Users/jacobdayton/projects/conscious-bookclub/functions/node_modules/@unrs/resolver-binding-linux-arm-musleabihf
73 silly reify mark deleted [
73 silly reify   '/Users/jacobdayton/projects/conscious-bookclub/functions/node_modules/@unrs/resolver-binding-linux-arm-musleabihf'
73 silly reify ]
74 verbose reify failed optional dependency /Users/jacobdayton/projects/conscious-bookclub/functions/node_modules/@unrs/resolver-binding-linux-arm-gnueabihf
75 silly reify mark deleted [
75 silly reify   '/Users/jacobdayton/projects/conscious-bookclub/functions/node_modules/@unrs/resolver-binding-linux-arm-gnueabihf'
75 silly reify ]
76 verbose reify failed optional dependency /Users/jacobdayton/projects/conscious-bookclub/functions/node_modules/@unrs/resolver-binding-freebsd-x64
77 silly reify mark deleted [
77 silly reify   '/Users/jacobdayton/projects/conscious-bookclub/functions/node_modules/@unrs/resolver-binding-freebsd-x64'
77 silly reify ]
78 verbose reify failed optional dependency /Users/jacobdayton/projects/conscious-bookclub/functions/node_modules/@unrs/resolver-binding-darwin-x64
79 silly reify mark deleted [
79 silly reify   '/Users/jacobdayton/projects/conscious-bookclub/functions/node_modules/@unrs/resolver-binding-darwin-x64'
79 silly reify ]
80 verbose reify failed optional dependency /Users/jacobdayton/projects/conscious-bookclub/functions/node_modules/@unrs/resolver-binding-android-arm64
81 silly reify mark deleted [
81 silly reify   '/Users/jacobdayton/projects/conscious-bookclub/functions/node_modules/@unrs/resolver-binding-android-arm64'
81 silly reify ]
82 verbose reify failed optional dependency /Users/jacobdayton/projects/conscious-bookclub/functions/node_modules/@unrs/resolver-binding-android-arm-eabi
83 silly reify mark deleted [
83 silly reify   '/Users/jacobdayton/projects/conscious-bookclub/functions/node_modules/@unrs/resolver-binding-android-arm-eabi'
83 silly reify ]
84 http cache @napi-rs/wasm-runtime@https://registry.npmjs.org/@napi-rs/wasm-runtime/-/wasm-runtime-0.2.12.tgz 0ms (cache hit)
85 http cache @emnapi/wasi-threads@https://registry.npmjs.org/@emnapi/wasi-threads/-/wasi-threads-1.1.0.tgz 0ms (cache hit)
86 http cache @emnapi/core@https://registry.npmjs.org/@emnapi/core/-/core-1.5.0.tgz 0ms (cache hit)
87 http cache @emnapi/runtime@https://registry.npmjs.org/@emnapi/runtime/-/runtime-1.5.0.tgz 0ms (cache hit)
88 http cache @tybys/wasm-util@https://registry.npmjs.org/@tybys/wasm-util/-/wasm-util-0.10.1.tgz 0ms (cache hit)
89 http cache moment-timezone@https://registry.npmjs.org/moment-timezone/-/moment-timezone-0.6.0.tgz 0ms (cache hit)
90 http cache moment-timezone@https://registry.npmjs.org/moment-timezone/-/moment-timezone-0.5.48.tgz 0ms (cache hit)
91 http cache moment-timezone@https://registry.npmjs.org/moment-timezone/-/moment-timezone-0.5.48.tgz 0ms (cache hit)
92 silly tarball no local data for @napi-rs/wasm-runtime@https://registry.npmjs.org/@napi-rs/wasm-runtime/-/wasm-runtime-0.2.12.tgz. Extracting by manifest.
93 silly tarball no local data for @emnapi/wasi-threads@https://registry.npmjs.org/@emnapi/wasi-threads/-/wasi-threads-1.1.0.tgz. Extracting by manifest.
94 silly tarball no local data for @emnapi/core@https://registry.npmjs.org/@emnapi/core/-/core-1.5.0.tgz. Extracting by manifest.
95 silly tarball no local data for @emnapi/runtime@https://registry.npmjs.org/@emnapi/runtime/-/runtime-1.5.0.tgz. Extracting by manifest.
96 silly tarball no local data for @tybys/wasm-util@https://registry.npmjs.org/@tybys/wasm-util/-/wasm-util-0.10.1.tgz. Extracting by manifest.
97 silly tarball no local data for moment-timezone@https://registry.npmjs.org/moment-timezone/-/moment-timezone-0.6.0.tgz. Extracting by manifest.
98 silly tarball no local data for moment-timezone@https://registry.npmjs.org/moment-timezone/-/moment-timezone-0.5.48.tgz. Extracting by manifest.
99 silly tarball no local data for moment-timezone@https://registry.npmjs.org/moment-timezone/-/moment-timezone-0.5.48.tgz. Extracting by manifest.
100 http fetch POST 200 https://registry.npmjs.org/-/npm/v1/security/advisories/bulk 88ms
101 silly audit report {
101 silly audit report   'js-yaml': [
101 silly audit report     {
101 silly audit report       id: 1109801,
101 silly audit report       url: 'https://github.com/advisories/GHSA-mh29-5h37-fv8m',
101 silly audit report       title: 'js-yaml has prototype pollution in merge (<<)',
101 silly audit report       severity: 'moderate',
101 silly audit report       vulnerable_versions: '<3.14.2',
101 silly audit report       cwe: [Array],
101 silly audit report       cvss: [Object]
101 silly audit report     },
101 silly audit report     {
101 silly audit report       id: 1109802,
101 silly audit report       url: 'https://github.com/advisories/GHSA-mh29-5h37-fv8m',
101 silly audit report       title: 'js-yaml has prototype pollution in merge (<<)',
101 silly audit report       severity: 'moderate',
101 silly audit report       vulnerable_versions: '>=4.0.0 <4.1.1',
101 silly audit report       cwe: [Array],
101 silly audit report       cvss: [Object]
101 silly audit report     }
101 silly audit report   ],
101 silly audit report   glob: [
101 silly audit report     {
101 silly audit report       id: 1109842,
101 silly audit report       url: 'https://github.com/advisories/GHSA-5j98-mcp5-4vw2',
101 silly audit report       title: 'glob CLI: Command injection via -c/--cmd executes matches with shell:true',
101 silly audit report       severity: 'high',
101 silly audit report       vulnerable_versions: '>=10.2.0 <10.5.0',
101 silly audit report       cwe: [Array],
101 silly audit report       cvss: [Object]
101 silly audit report     }
101 silly audit report   ],
101 silly audit report   jws: [
101 silly audit report     {
101 silly audit report       id: 1111243,
101 silly audit report       url: 'https://github.com/advisories/GHSA-869p-cjfg-cm3x',
101 silly audit report       title: 'auth0/node-jws Improperly Verifies HMAC Signature',
101 silly audit report       severity: 'high',
101 silly audit report       vulnerable_versions: '=4.0.0',
101 silly audit report       cwe: [Array],
101 silly audit report       cvss: [Object]
101 silly audit report     },
101 silly audit report     {
101 silly audit report       id: 1111244,
101 silly audit report       url: 'https://github.com/advisories/GHSA-869p-cjfg-cm3x',
101 silly audit report       title: 'auth0/node-jws Improperly Verifies HMAC Signature',
101 silly audit report       severity: 'high',
101 silly audit report       vulnerable_versions: '<3.2.3',
101 silly audit report       cwe: [Array],
101 silly audit report       cvss: [Object]
101 silly audit report     }
101 silly audit report   ],
101 silly audit report   'node-forge': [
101 silly audit report     {
101 silly audit report       id: 1110996,
101 silly audit report       url: 'https://github.com/advisories/GHSA-554w-wpv2-vw27',
101 silly audit report       title: 'node-forge has ASN.1 Unbounded Recursion',
101 silly audit report       severity: 'high',
101 silly audit report       vulnerable_versions: '<1.3.2',
101 silly audit report       cwe: [Array],
101 silly audit report       cvss: [Object]
101 silly audit report     },
101 silly audit report     {
101 silly audit report       id: 1110998,
101 silly audit report       url: 'https://github.com/advisories/GHSA-5gfm-wpxj-wjgq',
101 silly audit report       title: 'node-forge has an Interpretation Conflict vulnerability via its ASN.1 Validator Desynchronization',
101 silly audit report       severity: 'high',
101 silly audit report       vulnerable_versions: '<1.3.2',
101 silly audit report       cwe: [Array],
101 silly audit report       cvss: [Object]
101 silly audit report     },
101 silly audit report     {
101 silly audit report       id: 1111068,
101 silly audit report       url: 'https://github.com/advisories/GHSA-65ch-62r8-g69g',
101 silly audit report       title: 'node-forge is vulnerable to ASN.1 OID Integer Truncation',
101 silly audit report       severity: 'moderate',
101 silly audit report       vulnerable_versions: '<1.3.2',
101 silly audit report       cwe: [Array],
101 silly audit report       cvss: [Object]
101 silly audit report     }
101 silly audit report   ],
101 silly audit report   nodemailer: [
101 silly audit report     {
101 silly audit report       id: 1111074,
101 silly audit report       url: 'https://github.com/advisories/GHSA-rcmh-qjqh-p98v',
101 silly audit report       title: 'Nodemailer’s addressparser is vulnerable to DoS caused by recursive calls',
101 silly audit report       severity: 'low',
101 silly audit report       vulnerable_versions: '<=7.0.10',
101 silly audit report       cwe: [Array],
101 silly audit report       cvss: [Object]
101 silly audit report     },
101 silly audit report     {
101 silly audit report       id: 1111548,
101 silly audit report       url: 'https://github.com/advisories/GHSA-46j5-6fg5-4gv3',
101 silly audit report       title: 'Nodemailer is vulnerable to DoS through Uncontrolled Recursion',
101 silly audit report       severity: 'moderate',
101 silly audit report       vulnerable_versions: '<7.0.11',
101 silly audit report       cwe: [Array],
101 silly audit report       cvss: [Object]
101 silly audit report     },
101 silly audit report     {
101 silly audit report       id: 1109804,
101 silly audit report       url: 'https://github.com/advisories/GHSA-mm7p-fcc7-pg87',
101 silly audit report       title: 'Nodemailer: Email to an unintended domain can occur due to Interpretation Conflict',
101 silly audit report       severity: 'moderate',
101 silly audit report       vulnerable_versions: '<7.0.7',
101 silly audit report       cwe: [Array],
101 silly audit report       cvss: [Object]
101 silly audit report     }
101 silly audit report   ],
101 silly audit report   qs: [
101 silly audit report     {
101 silly audit report       id: 1111755,
101 silly audit report       url: 'https://github.com/advisories/GHSA-6rw7-vpxm-498p',
101 silly audit report       title: "qs's arrayLimit bypass in its bracket notation allows DoS via memory exhaustion",
101 silly audit report       severity: 'high',
101 silly audit report       vulnerable_versions: '<6.14.1',
101 silly audit report       cwe: [Array],
101 silly audit report       cvss: [Object]
101 silly audit report     }
101 silly audit report   ],
101 silly audit report   validator: [
101 silly audit report     {
101 silly audit report       id: 1111154,
101 silly audit report       url: 'https://github.com/advisories/GHSA-vghf-hv5q-vc2g',
101 silly audit report       title: 'Validator is Vulnerable to Incomplete Filtering of One or More Instances of Special Elements',
101 silly audit report       severity: 'high',
101 silly audit report       vulnerable_versions: '<13.15.22',
101 silly audit report       cwe: [Array],
101 silly audit report       cvss: [Object]
101 silly audit report     }
101 silly audit report   ]
101 silly audit report }
102 silly packumentCache corgi:https://registry.npmjs.org/js-yaml cache-miss
103 silly packumentCache corgi:https://registry.npmjs.org/glob cache-miss
104 silly packumentCache corgi:https://registry.npmjs.org/jws cache-miss
105 silly packumentCache corgi:https://registry.npmjs.org/node-forge cache-miss
106 silly packumentCache corgi:https://registry.npmjs.org/nodemailer cache-miss
107 silly packumentCache corgi:https://registry.npmjs.org/qs cache-miss
108 silly packumentCache corgi:https://registry.npmjs.org/validator cache-miss
109 http fetch GET 200 https://registry.npmjs.org/js-yaml 66ms (cache miss)
110 silly packumentCache corgi:https://registry.npmjs.org/js-yaml set size:undefined disposed:false
111 http fetch GET 200 https://registry.npmjs.org/@emnapi/wasi-threads/-/wasi-threads-1.1.0.tgz 178ms (cache miss)
112 http fetch GET 200 https://registry.npmjs.org/@emnapi/runtime/-/runtime-1.5.0.tgz 191ms (cache miss)
113 http fetch GET 200 https://registry.npmjs.org/@emnapi/core/-/core-1.5.0.tgz 197ms (cache miss)
114 http fetch GET 200 https://registry.npmjs.org/jws 129ms (cache miss)
115 silly packumentCache corgi:https://registry.npmjs.org/jws set size:undefined disposed:false
116 http fetch GET 200 https://registry.npmjs.org/moment-timezone/-/moment-timezone-0.5.48.tgz 217ms (cache miss)
117 http fetch GET 200 https://registry.npmjs.org/qs 139ms (cache miss)
118 silly packumentCache corgi:https://registry.npmjs.org/qs set size:undefined disposed:false
119 http fetch GET 200 https://registry.npmjs.org/glob 141ms (cache miss)
120 silly packumentCache corgi:https://registry.npmjs.org/glob set size:undefined disposed:false
121 http fetch GET 200 https://registry.npmjs.org/moment-timezone/-/moment-timezone-0.6.0.tgz 232ms (cache miss)
122 http fetch GET 200 https://registry.npmjs.org/validator 148ms (cache miss)
123 silly packumentCache corgi:https://registry.npmjs.org/validator set size:undefined disposed:false
124 http fetch GET 200 https://registry.npmjs.org/nodemailer 157ms (cache miss)
125 silly packumentCache corgi:https://registry.npmjs.org/nodemailer set size:undefined disposed:false
126 http fetch GET 200 https://registry.npmjs.org/moment-timezone/-/moment-timezone-0.5.48.tgz 250ms (cache miss)
127 http fetch GET 200 https://registry.npmjs.org/node-forge 184ms (cache miss)
128 silly packumentCache corgi:https://registry.npmjs.org/node-forge set size:undefined disposed:false
129 http fetch GET 200 https://registry.npmjs.org/@tybys/wasm-util/-/wasm-util-0.10.1.tgz 273ms (cache miss)
130 silly packumentCache corgi:https://registry.npmjs.org/@istanbuljs%2fload-nyc-config cache-miss
131 http fetch GET 200 https://registry.npmjs.org/@napi-rs/wasm-runtime/-/wasm-runtime-0.2.12.tgz 288ms (cache miss)
132 http fetch GET 200 https://registry.npmjs.org/@istanbuljs%2fload-nyc-config 153ms (cache miss)
133 silly packumentCache corgi:https://registry.npmjs.org/@istanbuljs%2fload-nyc-config set size:undefined disposed:false
134 silly packumentCache corgi:https://registry.npmjs.org/@eslint%2feslintrc cache-miss
135 silly packumentCache corgi:https://registry.npmjs.org/eslint cache-miss
136 http fetch GET 200 https://registry.npmjs.org/@eslint%2feslintrc 87ms (cache miss)
137 silly packumentCache corgi:https://registry.npmjs.org/@eslint%2feslintrc set size:undefined disposed:false
138 http fetch GET 200 https://registry.npmjs.org/eslint 125ms (cache miss)
139 silly packumentCache corgi:https://registry.npmjs.org/eslint set size:undefined disposed:false
140 silly packumentCache corgi:https://registry.npmjs.org/@jest%2freporters cache-miss
141 silly packumentCache corgi:https://registry.npmjs.org/jest-config cache-miss
142 silly packumentCache corgi:https://registry.npmjs.org/jest-runtime cache-miss
143 silly packumentCache corgi:https://registry.npmjs.org/js-beautify cache-miss
144 http fetch GET 200 https://registry.npmjs.org/jest-runtime 59ms (cache miss)
145 silly packumentCache corgi:https://registry.npmjs.org/jest-runtime set size:undefined disposed:false
146 http fetch GET 200 https://registry.npmjs.org/@jest%2freporters 81ms (cache miss)
147 silly packumentCache corgi:https://registry.npmjs.org/@jest%2freporters set size:undefined disposed:false
148 http fetch GET 200 https://registry.npmjs.org/js-beautify 87ms (cache miss)
149 silly packumentCache corgi:https://registry.npmjs.org/js-beautify set size:undefined disposed:false
150 http fetch GET 200 https://registry.npmjs.org/jest-config 104ms (cache miss)
151 silly packumentCache corgi:https://registry.npmjs.org/jest-config set size:undefined disposed:false
152 silly packumentCache corgi:https://registry.npmjs.org/google-auth-library cache-miss
153 silly packumentCache corgi:https://registry.npmjs.org/gtoken cache-miss
154 silly packumentCache corgi:https://registry.npmjs.org/web-push cache-miss
155 http fetch GET 200 https://registry.npmjs.org/google-auth-library 47ms (cache miss)
156 silly packumentCache corgi:https://registry.npmjs.org/google-auth-library set size:undefined disposed:false
157 http fetch GET 200 https://registry.npmjs.org/gtoken 82ms (cache miss)
158 silly packumentCache corgi:https://registry.npmjs.org/gtoken set size:undefined disposed:false
159 http fetch GET 200 https://registry.npmjs.org/web-push 135ms (cache miss)
160 silly packumentCache corgi:https://registry.npmjs.org/web-push set size:undefined disposed:false
161 silly packumentCache corgi:https://registry.npmjs.org/jsonwebtoken cache-miss
162 http fetch GET 200 https://registry.npmjs.org/jsonwebtoken 67ms (cache miss)
163 silly packumentCache corgi:https://registry.npmjs.org/jsonwebtoken set size:undefined disposed:false
164 silly packumentCache corgi:https://registry.npmjs.org/firebase-admin cache-miss
165 http fetch GET 200 https://registry.npmjs.org/firebase-admin 156ms (cache miss)
166 silly packumentCache corgi:https://registry.npmjs.org/firebase-admin set size:undefined disposed:false
167 silly packumentCache corgi:https://registry.npmjs.org/body-parser cache-miss
168 silly packumentCache corgi:https://registry.npmjs.org/express cache-miss
169 silly packumentCache corgi:https://registry.npmjs.org/googleapis-common cache-miss
170 http fetch GET 200 https://registry.npmjs.org/googleapis-common 57ms (cache miss)
171 silly packumentCache corgi:https://registry.npmjs.org/googleapis-common set size:undefined disposed:false
172 http fetch GET 200 https://registry.npmjs.org/express 61ms (cache miss)
173 silly packumentCache corgi:https://registry.npmjs.org/express set size:undefined disposed:false
174 http fetch GET 200 https://registry.npmjs.org/body-parser 77ms (cache miss)
175 silly packumentCache corgi:https://registry.npmjs.org/body-parser set size:undefined disposed:false
176 silly packumentCache corgi:https://registry.npmjs.org/sequelize cache-miss
177 http fetch GET 200 https://registry.npmjs.org/sequelize 116ms (cache miss)
178 silly packumentCache corgi:https://registry.npmjs.org/sequelize set size:undefined disposed:false
179 silly packumentCache corgi:https://registry.npmjs.org/firebase-functions cache-miss
180 http fetch GET 200 https://registry.npmjs.org/firebase-functions 126ms (cache miss)
181 silly packumentCache corgi:https://registry.npmjs.org/firebase-functions set size:undefined disposed:false
182 silly ADD
183 silly ADD
184 silly ADD
185 silly ADD
186 silly ADD
187 silly ADD
188 silly ADD
189 silly ADD
190 silly ADD
191 silly ADD
192 silly ADD
193 silly ADD
194 silly ADD
195 silly ADD
196 silly ADD
197 silly ADD
198 silly ADD
199 silly ADD
200 silly ADD
201 silly ADD
202 silly ADD
203 silly ADD
204 silly ADD
205 silly REMOVE node_modules/ws
206 silly REMOVE node_modules/socket.io-parser
207 silly REMOVE node_modules/socket.io-parser/node_modules/debug
208 silly REMOVE node_modules/socket.io-adapter
209 silly REMOVE node_modules/socket.io-adapter/node_modules/debug
210 silly REMOVE node_modules/socket.io
211 silly REMOVE node_modules/socket.io/node_modules/debug
212 silly ADD node_modules/sequelize/node_modules/moment-timezone
213 silly ADD node_modules/react-big-calendar/node_modules/moment-timezone
214 silly CHANGE node_modules/moment-timezone
215 silly REMOVE node_modules/engine.io-parser
216 silly REMOVE node_modules/engine.io
217 silly REMOVE node_modules/engine.io/node_modules/debug
218 silly REMOVE node_modules/engine.io/node_modules/cookie
219 silly REMOVE node_modules/base64id
220 silly REMOVE node_modules/@socket.io/component-emitter
221 verbose cwd /Users/jacobdayton/projects/conscious-bookclub/functions
222 verbose os Darwin 25.0.0
223 verbose node v22.14.0
224 verbose npm  v10.9.2
225 verbose exit 0
226 info ok
